{"timestamp":"2026-01-22T09:25:02.579631Z","level":"info","event":"DAG bundles loaded: dags-folder, example_dags","logger":"airflow.dag_processing.bundles.manager.DagBundlesManager","filename":"manager.py","lineno":179}
{"timestamp":"2026-01-22T09:25:02.581480Z","level":"info","event":"Filling up the DagBag from /opt/airflow/dags/processing_dag.py","logger":"airflow.models.dagbag.DagBag","filename":"dagbag.py","lineno":593}
{"timestamp":"2026-01-22T09:25:02.666193Z","level":"info","event":"Task instance is in running state","logger":"task.stdout"}
{"timestamp":"2026-01-22T09:25:02.670611Z","level":"info","event":" Previous state of the Task instance: TaskInstanceState.QUEUED","logger":"task.stdout"}
{"timestamp":"2026-01-22T09:25:02.671575Z","level":"info","event":"Current task name:process_data_group.load_data","logger":"task.stdout"}
{"timestamp":"2026-01-22T09:25:02.672170Z","level":"info","event":"Dag name:tiktok_google_play_reviews_processing","logger":"task.stdout"}
{"timestamp":"2026-01-22T09:25:02.669834Z","level":"info","event":"===== START load_data - тест логирования =====","logger":"unusual_prefix_40fda0045520240a21505445fb37fb7e6499b6a7_processing_dag","filename":"processing_dag.py","lineno":70}
{"timestamp":"2026-01-22T09:25:02.670064Z","level":"info","event":"Python версия: 3.12.12 (main, Jan 13 2026, 09:45:04) [GCC 12.2.0]","logger":"unusual_prefix_40fda0045520240a21505445fb37fb7e6499b6a7_processing_dag","filename":"processing_dag.py","lineno":71}
{"timestamp":"2026-01-22T09:25:02.670185Z","level":"info","event":"INPUT_FILE: /opt/airflow/data/tiktok_google_play_reviews.csv","logger":"unusual_prefix_40fda0045520240a21505445fb37fb7e6499b6a7_processing_dag","filename":"processing_dag.py","lineno":72}
{"timestamp":"2026-01-22T09:25:02.670342Z","level":"info","event":"os.getcwd(): /opt/airflow","logger":"unusual_prefix_40fda0045520240a21505445fb37fb7e6499b6a7_processing_dag","filename":"processing_dag.py","lineno":73}
{"timestamp":"2026-01-22T09:25:02.671736Z","level":"info","event":"Файл существует: True","logger":"unusual_prefix_40fda0045520240a21505445fb37fb7e6499b6a7_processing_dag","filename":"processing_dag.py","lineno":74}
{"timestamp":"2026-01-22T09:25:02.673042Z","level":"info","event":"Размер: 80,589,608 байт","logger":"unusual_prefix_40fda0045520240a21505445fb37fb7e6499b6a7_processing_dag","filename":"processing_dag.py","lineno":75}
{"timestamp":"2026-01-22T09:25:02.673447Z","level":"info","event":"Попытка чтения с encoding='utf-8'...","logger":"unusual_prefix_40fda0045520240a21505445fb37fb7e6499b6a7_processing_dag","filename":"processing_dag.py","lineno":82}
{"timestamp":"2026-01-22T09:25:03.061215Z","level":"error","event":"Skipping line 50536: expected 10 fields, saw 11","logger":"task.stderr"}
{"timestamp":"2026-01-22T09:25:03.061985Z","level":"error","event":"","logger":"task.stderr"}
{"timestamp":"2026-01-22T09:25:03.783085Z","level":"error","event":"Skipping line 126806: expected 10 fields, saw 11","logger":"task.stderr"}
{"timestamp":"2026-01-22T09:25:03.783703Z","level":"error","event":"","logger":"task.stderr"}
{"timestamp":"2026-01-22T09:25:06.994972Z","level":"info","event":"УСПЕХ! encoding='utf-8', строк: 307,037","logger":"unusual_prefix_40fda0045520240a21505445fb37fb7e6499b6a7_processing_dag","filename":"processing_dag.py","lineno":93}
{"timestamp":"2026-01-22T09:25:07.139178Z","level":"info","event":"Done. Returned value was: None","logger":"airflow.task.operators.airflow.providers.standard.operators.python.PythonOperator","filename":"python.py","lineno":216}
{"timestamp":"2026-01-22T09:25:07.199261Z","level":"info","event":"Task instance in success state","logger":"task.stdout"}
{"timestamp":"2026-01-22T09:25:07.199954Z","level":"info","event":" Previous state of the Task instance: TaskInstanceState.RUNNING","logger":"task.stdout"}
{"timestamp":"2026-01-22T09:25:07.200714Z","level":"info","event":"Task operator:<Task(PythonOperator): process_data_group.load_data>","logger":"task.stdout"}
