{"timestamp":"2026-01-23T13:26:51.980135Z","level":"info","event":"DAG bundles loaded: dags-folder, example_dags","logger":"airflow.dag_processing.bundles.manager.DagBundlesManager","filename":"manager.py","lineno":179}
{"timestamp":"2026-01-23T13:26:51.982151Z","level":"info","event":"Filling up the DagBag from /opt/airflow/dags/load_to_mongo_dag.py","logger":"airflow.models.dagbag.DagBag","filename":"dagbag.py","lineno":593}
{"timestamp":"2026-01-23T13:26:52.452173Z","level":"info","event":"Task instance is in running state","logger":"task.stdout"}
{"timestamp":"2026-01-23T13:26:52.455072Z","level":"info","event":" Previous state of the Task instance: TaskInstanceState.QUEUED","logger":"task.stdout"}
{"timestamp":"2026-01-23T13:26:52.457831Z","level":"info","event":"Current task name:load_to_mongo","logger":"task.stdout"}
{"timestamp":"2026-01-23T13:26:52.458501Z","level":"info","event":"Dag name:load_to_mongo","logger":"task.stdout"}
{"timestamp":"2026-01-23T13:26:53.411107Z","level":"warning","event":"empty cryptography key - values will not be stored encrypted.","logger":"airflow.models.crypto","filename":"crypto.py","lineno":82}
{"timestamp":"2026-01-23T13:26:53.411981Z","level":"info","event":"Failed parsing the json for key authSource","logger":"airflow.models.connection.Connection","filename":"connection.py","lineno":248}
{"timestamp":"2026-01-23T13:26:53.426058Z","level":"info","event":"Mongo extras: {'authSource': 'admin'}","logger":"unusual_prefix_433406b4d65375f1aba09a623b72c26f5cedf5ba_load_to_mongo_dag","filename":"load_to_mongo_dag.py","lineno":34}
{"timestamp":"2026-01-23T13:26:53.426950Z","level":"info","event":"ssl/tls: False (<class 'bool'>)","logger":"unusual_prefix_433406b4d65375f1aba09a623b72c26f5cedf5ba_load_to_mongo_dag","filename":"load_to_mongo_dag.py","lineno":35}
{"timestamp":"2026-01-23T13:26:53.564770Z","level":"info","event":"CSV: /opt/airflow/data/processed_tiktok_reviews.csv (размер 80,489,461 байт)","logger":"unusual_prefix_433406b4d65375f1aba09a623b72c26f5cedf5ba_load_to_mongo_dag","filename":"load_to_mongo_dag.py","lineno":46}
{"timestamp":"2026-01-23T13:26:53.565393Z","level":"info","event":"Режим: чтение пачками по 10000 строк, лимит 30000 строк","logger":"unusual_prefix_433406b4d65375f1aba09a623b72c26f5cedf5ba_load_to_mongo_dag","filename":"load_to_mongo_dag.py","lineno":47}
{"timestamp":"2026-01-23T13:26:53.917869Z","level":"info","event":"Чанк #1: 10,000 строк","logger":"unusual_prefix_433406b4d65375f1aba09a623b72c26f5cedf5ba_load_to_mongo_dag","filename":"load_to_mongo_dag.py","lineno":77}
{"timestamp":"2026-01-23T13:29:55.151123Z","level":"info","event":"Чанк завершён. Upserted: 0 | Modified: 0 | Matched: 10,000","logger":"unusual_prefix_433406b4d65375f1aba09a623b72c26f5cedf5ba_load_to_mongo_dag","filename":"load_to_mongo_dag.py","lineno":110}
{"timestamp":"2026-01-23T13:29:55.383716Z","level":"info","event":"Чанк #2: 10,000 строк","logger":"unusual_prefix_433406b4d65375f1aba09a623b72c26f5cedf5ba_load_to_mongo_dag","filename":"load_to_mongo_dag.py","lineno":77}
{"timestamp":"2026-01-23T13:37:11.272442Z","level":"info","event":"Чанк завершён. Upserted: 0 | Modified: 0 | Matched: 10,000","logger":"unusual_prefix_433406b4d65375f1aba09a623b72c26f5cedf5ba_load_to_mongo_dag","filename":"load_to_mongo_dag.py","lineno":110}
{"timestamp":"2026-01-23T13:37:11.580934Z","level":"info","event":"Чанк #3: 10,000 строк","logger":"unusual_prefix_433406b4d65375f1aba09a623b72c26f5cedf5ba_load_to_mongo_dag","filename":"load_to_mongo_dag.py","lineno":77}
{"timestamp":"2026-01-23T13:51:10.097574Z","level":"info","event":"Чанк завершён. Upserted: 0 | Modified: 0 | Matched: 10,000","logger":"unusual_prefix_433406b4d65375f1aba09a623b72c26f5cedf5ba_load_to_mongo_dag","filename":"load_to_mongo_dag.py","lineno":110}
{"timestamp":"2026-01-23T13:51:10.271692Z","level":"info","event":"Достигнут лимит 30000 строк — останавливаем","logger":"unusual_prefix_433406b4d65375f1aba09a623b72c26f5cedf5ba_load_to_mongo_dag","filename":"load_to_mongo_dag.py","lineno":64}
{"timestamp":"2026-01-23T13:51:10.272089Z","level":"info","event":"Загрузка завершена","logger":"unusual_prefix_433406b4d65375f1aba09a623b72c26f5cedf5ba_load_to_mongo_dag","filename":"load_to_mongo_dag.py","lineno":115}
{"timestamp":"2026-01-23T13:51:10.272427Z","level":"info","event":"Всего обработано строк: 30,000 | Новых (upserted): 0 | Обновлено: 0 | Без изменений: 30,000","logger":"unusual_prefix_433406b4d65375f1aba09a623b72c26f5cedf5ba_load_to_mongo_dag","filename":"load_to_mongo_dag.py","lineno":116}
{"timestamp":"2026-01-23T13:51:10.276073Z","level":"info","event":"Mongo клиент закрыт","logger":"unusual_prefix_433406b4d65375f1aba09a623b72c26f5cedf5ba_load_to_mongo_dag","filename":"load_to_mongo_dag.py","lineno":135}
{"timestamp":"2026-01-23T13:51:10.307630Z","level":"info","event":"Done. Returned value was: None","logger":"airflow.task.operators.airflow.providers.standard.operators.python.PythonOperator","filename":"python.py","lineno":216}
{"timestamp":"2026-01-23T13:51:10.375248Z","level":"info","event":"Task instance in success state","logger":"task.stdout"}
{"timestamp":"2026-01-23T13:51:10.376382Z","level":"info","event":" Previous state of the Task instance: TaskInstanceState.RUNNING","logger":"task.stdout"}
{"timestamp":"2026-01-23T13:51:10.377987Z","level":"info","event":"Task operator:<Task(PythonOperator): load_to_mongo>","logger":"task.stdout"}
