{"timestamp":"2026-01-22T09:35:40.984051Z","level":"info","event":"DAG bundles loaded: dags-folder, example_dags","logger":"airflow.dag_processing.bundles.manager.DagBundlesManager","filename":"manager.py","lineno":179}
{"timestamp":"2026-01-22T09:35:40.988126Z","level":"info","event":"Filling up the DagBag from /opt/airflow/dags/processing_dag.py","logger":"airflow.models.dagbag.DagBag","filename":"dagbag.py","lineno":593}
{"timestamp":"2026-01-22T09:35:41.054217Z","level":"info","event":"Task instance is in running state","logger":"task.stdout"}
{"timestamp":"2026-01-22T09:35:41.058173Z","level":"info","event":" Previous state of the Task instance: TaskInstanceState.QUEUED","logger":"task.stdout"}
{"timestamp":"2026-01-22T09:35:41.059137Z","level":"info","event":"Current task name:process_data_group.load_data","logger":"task.stdout"}
{"timestamp":"2026-01-22T09:35:41.059849Z","level":"info","event":"Dag name:tiktok_google_play_reviews_processing","logger":"task.stdout"}
{"timestamp":"2026-01-22T09:35:41.057444Z","level":"info","event":"===== START load_data =====","logger":"unusual_prefix_40fda0045520240a21505445fb37fb7e6499b6a7_processing_dag","filename":"processing_dag.py","lineno":96}
{"timestamp":"2026-01-22T09:35:41.057660Z","level":"info","event":"INPUT_FILE: /opt/airflow/data/tiktok_google_play_reviews.csv","logger":"unusual_prefix_40fda0045520240a21505445fb37fb7e6499b6a7_processing_dag","filename":"processing_dag.py","lineno":97}
{"timestamp":"2026-01-22T09:35:41.059073Z","level":"info","event":"exists: True","logger":"unusual_prefix_40fda0045520240a21505445fb37fb7e6499b6a7_processing_dag","filename":"processing_dag.py","lineno":98}
{"timestamp":"2026-01-22T09:35:41.060636Z","level":"info","event":"size: 80,589,608 байт","logger":"unusual_prefix_40fda0045520240a21505445fb37fb7e6499b6a7_processing_dag","filename":"processing_dag.py","lineno":99}
{"timestamp":"2026-01-22T09:35:41.060989Z","level":"info","event":"pd.read_csv started...","logger":"unusual_prefix_40fda0045520240a21505445fb37fb7e6499b6a7_processing_dag","filename":"processing_dag.py","lineno":102}
{"timestamp":"2026-01-22T09:35:45.111279Z","level":"info","event":"pd.read_csv завершён успешно","logger":"unusual_prefix_40fda0045520240a21505445fb37fb7e6499b6a7_processing_dag","filename":"processing_dag.py","lineno":111}
{"timestamp":"2026-01-22T09:35:45.111558Z","level":"info","event":"Строк: 307,057","logger":"unusual_prefix_40fda0045520240a21505445fb37fb7e6499b6a7_processing_dag","filename":"processing_dag.py","lineno":112}
{"timestamp":"2026-01-22T09:35:45.111731Z","level":"info","event":"Колонки: ['reviewId', 'userName', 'userImage', 'content', 'score', 'thumbsUpCount', 'reviewCreatedVersion', 'at', 'replyContent', 'repliedAt']","logger":"unusual_prefix_40fda0045520240a21505445fb37fb7e6499b6a7_processing_dag","filename":"processing_dag.py","lineno":113}
{"timestamp":"2026-01-22T09:35:45.130252Z","level":"info","event":"Тестовый XCom push прошёл","logger":"unusual_prefix_40fda0045520240a21505445fb37fb7e6499b6a7_processing_dag","filename":"processing_dag.py","lineno":121}
{"timestamp":"2026-01-22T09:35:45.222836Z","level":"info","event":"Основной XCom push выполнен (head 1,000 строк)","logger":"unusual_prefix_40fda0045520240a21505445fb37fb7e6499b6a7_processing_dag","filename":"processing_dag.py","lineno":126}
{"timestamp":"2026-01-22T09:35:45.223201Z","level":"info","event":"===== END load_data =====","logger":"unusual_prefix_40fda0045520240a21505445fb37fb7e6499b6a7_processing_dag","filename":"processing_dag.py","lineno":141}
{"timestamp":"2026-01-22T09:35:45.312549Z","level":"info","event":"Done. Returned value was: None","logger":"airflow.task.operators.airflow.providers.standard.operators.python.PythonOperator","filename":"python.py","lineno":216}
{"timestamp":"2026-01-22T09:35:45.336067Z","level":"info","event":"Task instance in success state","logger":"task.stdout"}
{"timestamp":"2026-01-22T09:35:45.336579Z","level":"info","event":" Previous state of the Task instance: TaskInstanceState.RUNNING","logger":"task.stdout"}
{"timestamp":"2026-01-22T09:35:45.342484Z","level":"info","event":"Task operator:<Task(PythonOperator): process_data_group.load_data>","logger":"task.stdout"}
