{"timestamp":"2026-01-22T09:19:31.373260Z","level":"info","event":"DAG bundles loaded: dags-folder, example_dags","logger":"airflow.dag_processing.bundles.manager.DagBundlesManager","filename":"manager.py","lineno":179}
{"timestamp":"2026-01-22T09:19:31.375136Z","level":"info","event":"Filling up the DagBag from /opt/airflow/dags/processing_dag.py","logger":"airflow.models.dagbag.DagBag","filename":"dagbag.py","lineno":593}
{"timestamp":"2026-01-22T09:19:31.481137Z","level":"info","event":"Task instance is in running state","logger":"task.stdout"}
{"timestamp":"2026-01-22T09:19:31.481826Z","level":"info","event":" Previous state of the Task instance: TaskInstanceState.QUEUED","logger":"task.stdout"}
{"timestamp":"2026-01-22T09:19:31.482622Z","level":"info","event":"Current task name:process_data_group.load_data","logger":"task.stdout"}
{"timestamp":"2026-01-22T09:19:31.486691Z","level":"info","event":"Dag name:tiktok_google_play_reviews_processing","logger":"task.stdout"}
{"timestamp":"2026-01-22T09:19:31.484756Z","level":"info","event":"===== START load_data - тест логирования =====","logger":"unusual_prefix_40fda0045520240a21505445fb37fb7e6499b6a7_processing_dag","filename":"processing_dag.py","lineno":70}
{"timestamp":"2026-01-22T09:19:31.485152Z","level":"info","event":"Python версия: 3.12.12 (main, Jan 13 2026, 09:45:04) [GCC 12.2.0]","logger":"unusual_prefix_40fda0045520240a21505445fb37fb7e6499b6a7_processing_dag","filename":"processing_dag.py","lineno":71}
{"timestamp":"2026-01-22T09:19:31.485426Z","level":"info","event":"INPUT_FILE: /opt/airflow/data/tiktok_google_play_reviews.csv","logger":"unusual_prefix_40fda0045520240a21505445fb37fb7e6499b6a7_processing_dag","filename":"processing_dag.py","lineno":72}
{"timestamp":"2026-01-22T09:19:31.487271Z","level":"info","event":"os.getcwd(): /opt/airflow","logger":"unusual_prefix_40fda0045520240a21505445fb37fb7e6499b6a7_processing_dag","filename":"processing_dag.py","lineno":73}
{"timestamp":"2026-01-22T09:19:31.491460Z","level":"info","event":"Файл существует: True","logger":"unusual_prefix_40fda0045520240a21505445fb37fb7e6499b6a7_processing_dag","filename":"processing_dag.py","lineno":74}
{"timestamp":"2026-01-22T09:19:31.493647Z","level":"info","event":"Размер: 80,589,608 байт","logger":"unusual_prefix_40fda0045520240a21505445fb37fb7e6499b6a7_processing_dag","filename":"processing_dag.py","lineno":75}
{"timestamp":"2026-01-22T09:19:31.494179Z","level":"info","event":"Попытка чтения с encoding='utf-8'...","logger":"unusual_prefix_40fda0045520240a21505445fb37fb7e6499b6a7_processing_dag","filename":"processing_dag.py","lineno":82}
{"timestamp":"2026-01-22T09:19:32.668493Z","level":"error","event":"Skipping line 50536: expected 10 fields, saw 11","logger":"task.stderr"}
{"timestamp":"2026-01-22T09:19:32.669203Z","level":"error","event":"","logger":"task.stderr"}
{"timestamp":"2026-01-22T09:19:35.121575Z","level":"error","event":"Skipping line 126806: expected 10 fields, saw 11","logger":"task.stderr"}
{"timestamp":"2026-01-22T09:19:35.126558Z","level":"error","event":"","logger":"task.stderr"}
{"timestamp":"2026-01-22T09:19:45.547408Z","level":"info","event":"УСПЕХ! encoding='utf-8', строк: 307,037","logger":"unusual_prefix_40fda0045520240a21505445fb37fb7e6499b6a7_processing_dag","filename":"processing_dag.py","lineno":93}
{"timestamp":"2026-01-22T09:19:45.663814Z","level":"info","event":"Done. Returned value was: None","logger":"airflow.task.operators.airflow.providers.standard.operators.python.PythonOperator","filename":"python.py","lineno":216}
{"timestamp":"2026-01-22T09:19:45.700729Z","level":"info","event":"Task instance in success state","logger":"task.stdout"}
{"timestamp":"2026-01-22T09:19:45.702630Z","level":"info","event":" Previous state of the Task instance: TaskInstanceState.RUNNING","logger":"task.stdout"}
{"timestamp":"2026-01-22T09:19:45.703646Z","level":"info","event":"Task operator:<Task(PythonOperator): process_data_group.load_data>","logger":"task.stdout"}
