{"timestamp":"2026-01-22T09:03:51.843705Z","level":"info","event":"DAG bundles loaded: dags-folder, example_dags","logger":"airflow.dag_processing.bundles.manager.DagBundlesManager","filename":"manager.py","lineno":179}
{"timestamp":"2026-01-22T09:03:51.846580Z","level":"info","event":"Filling up the DagBag from /opt/airflow/dags/processing_dag.py","logger":"airflow.models.dagbag.DagBag","filename":"dagbag.py","lineno":593}
{"timestamp":"2026-01-22T09:03:51.892434Z","level":"warning","event":"The `airflow.sensors.filesystem.FileSensor` attribute is deprecated. Please use `'airflow.providers.standard.sensors.filesystem.FileSensor'`.","category":"DeprecatedImportWarning","filename":"/opt/airflow/dags/processing_dag.py","lineno":11,"logger":"py.warnings"}
{"timestamp":"2026-01-22T09:03:51.892788Z","level":"warning","event":"The `airflow.operators.python.PythonOperator` attribute is deprecated. Please use `'airflow.providers.standard.operators.python.PythonOperator'`.","category":"DeprecatedImportWarning","filename":"/opt/airflow/dags/processing_dag.py","lineno":12,"logger":"py.warnings"}
{"timestamp":"2026-01-22T09:03:51.893198Z","level":"warning","event":"The `airflow.operators.python.BranchPythonOperator` attribute is deprecated. Please use `'airflow.providers.standard.operators.python.BranchPythonOperator'`.","category":"DeprecatedImportWarning","filename":"/opt/airflow/dags/processing_dag.py","lineno":12,"logger":"py.warnings"}
{"timestamp":"2026-01-22T09:03:51.893481Z","level":"warning","event":"The `airflow.operators.bash.BashOperator` attribute is deprecated. Please use `'airflow.providers.standard.operators.bash.BashOperator'`.","category":"DeprecatedImportWarning","filename":"/opt/airflow/dags/processing_dag.py","lineno":13,"logger":"py.warnings"}
{"timestamp":"2026-01-22T09:03:51.893725Z","level":"warning","event":"The `airflow.utils.task_group.TaskGroup` attribute is deprecated. Please use `'airflow.sdk.TaskGroup'`.","category":"DeprecatedImportWarning","filename":"/opt/airflow/dags/processing_dag.py","lineno":14,"logger":"py.warnings"}
{"timestamp":"2026-01-22T09:03:51.938717Z","level":"info","event":"Task instance is in running state","logger":"task.stdout"}
{"timestamp":"2026-01-22T09:03:51.939415Z","level":"info","event":" Previous state of the Task instance: TaskInstanceState.QUEUED","logger":"task.stdout"}
{"timestamp":"2026-01-22T09:03:51.940165Z","level":"info","event":"Current task name:branch_check_file_empty","logger":"task.stdout"}
{"timestamp":"2026-01-22T09:03:51.941127Z","level":"info","event":"Dag name:tiktok_google_play_reviews_processing","logger":"task.stdout"}
{"timestamp":"2026-01-22T09:03:51.946964Z","level":"info","event":"Размер файла: 80589608 байт","logger":"unusual_prefix_40fda0045520240a21505445fb37fb7e6499b6a7_processing_dag","filename":"processing_dag.py","lineno":54}
{"timestamp":"2026-01-22T09:03:51.947552Z","level":"info","event":"Done. Returned value was: process_data_group","logger":"airflow.task.operators.airflow.providers.standard.operators.python.BranchPythonOperator","filename":"python.py","lineno":216}
{"timestamp":"2026-01-22T09:03:51.947817Z","level":"info","event":"Branch into process_data_group","logger":"airflow.task.operators.airflow.providers.standard.operators.python.BranchPythonOperator","filename":"branch.py","lineno":44}
{"timestamp":"2026-01-22T09:03:51.948134Z","level":"info","event":"Expanding task group process_data_group into ['process_data_group.load_data']","logger":"airflow.task.operators.airflow.providers.standard.operators.python.BranchPythonOperator","filename":"branch.py","lineno":72}
{"timestamp":"2026-01-22T09:03:51.949223Z","level":"info","event":"Following branch {'process_data_group.load_data'}","logger":"airflow.task.operators.airflow.providers.standard.operators.python.BranchPythonOperator","filename":"skipmixin.py","lineno":146}
{"timestamp":"2026-01-22T09:03:51.950917Z","level":"info","event":"Skipping tasks [('log_empty_file', -1)]","logger":"airflow.task.operators.airflow.providers.standard.operators.python.BranchPythonOperator","filename":"skipmixin.py","lineno":185}
{"timestamp":"2026-01-22T09:03:51.993873Z","level":"info","event":"Skipping downstream tasks.","logger":"task","filename":"task_runner.py","lineno":1019}
{"timestamp":"2026-01-22T09:03:52.082210Z","level":"info","event":"Task instance in success state","logger":"task.stdout"}
{"timestamp":"2026-01-22T09:03:52.082987Z","level":"info","event":" Previous state of the Task instance: TaskInstanceState.RUNNING","logger":"task.stdout"}
{"timestamp":"2026-01-22T09:03:52.083621Z","level":"info","event":"Task operator:<Task(BranchPythonOperator): branch_check_file_empty>","logger":"task.stdout"}
